[2018-06-04 22:07:15] local.ERROR: Symfony\Component\Debug\Exception\FatalThrowableError: Call to undefined method AddPhotoToProductTable::string() in E:\xampp7.1\htdocs\shop1\database\migrations\2018_06_04_220602_add_photo_to_product_table.php:17
Stack trace:
#0 E:\xampp7.1\htdocs\shop1\vendor\laravel\framework\src\Illuminate\Database\Schema\Blueprint.php(72): AddPhotoToProductTable->{closure}(Object(Illuminate\Database\Schema\Blueprint))
#1 E:\xampp7.1\htdocs\shop1\vendor\laravel\framework\src\Illuminate\Database\Schema\Builder.php(255): Illuminate\Database\Schema\Blueprint->__construct('product', Object(Closure))
#2 E:\xampp7.1\htdocs\shop1\vendor\laravel\framework\src\Illuminate\Database\Schema\Builder.php(148): Illuminate\Database\Schema\Builder->createBlueprint('product', Object(Closure))
#3 E:\xampp7.1\htdocs\shop1\vendor\laravel\framework\src\Illuminate\Support\Facades\Facade.php(221): Illuminate\Database\Schema\Builder->table('product', Object(Closure))
#4 E:\xampp7.1\htdocs\shop1\database\migrations\2018_06_04_220602_add_photo_to_product_table.php(18): Illuminate\Support\Facades\Facade::__callStatic('table', Array)
#5 E:\xampp7.1\htdocs\shop1\vendor\laravel\framework\src\Illuminate\Database\Migrations\Migrator.php(359): AddPhotoToProductTable->up()
#6 E:\xampp7.1\htdocs\shop1\vendor\laravel\framework\src\Illuminate\Database\Migrations\Migrator.php(365): Illuminate\Database\Migrations\Migrator->Illuminate\Database\Migrations\{closure}()
#7 E:\xampp7.1\htdocs\shop1\vendor\laravel\framework\src\Illuminate\Database\Migrations\Migrator.php(177): Illuminate\Database\Migrations\Migrator->runMigration(Object(AddPhotoToProductTable), 'up')
#8 E:\xampp7.1\htdocs\shop1\vendor\laravel\framework\src\Illuminate\Database\Migrations\Migrator.php(146): Illuminate\Database\Migrations\Migrator->runUp('E:\\xampp7.1\\htd...', 28, false)
#9 E:\xampp7.1\htdocs\shop1\vendor\laravel\framework\src\Illuminate\Database\Migrations\Migrator.php(95): Illuminate\Database\Migrations\Migrator->runPending(Array, Array)
#10 E:\xampp7.1\htdocs\shop1\vendor\laravel\framework\src\Illuminate\Database\Console\Migrations\MigrateCommand.php(69): Illuminate\Database\Migrations\Migrator->run(Array, Array)
#11 [internal function]: Illuminate\Database\Console\Migrations\MigrateCommand->fire()
#12 E:\xampp7.1\htdocs\shop1\vendor\laravel\framework\src\Illuminate\Container\BoundMethod.php(29): call_user_func_array(Array, Array)
#13 E:\xampp7.1\htdocs\shop1\vendor\laravel\framework\src\Illuminate\Container\BoundMethod.php(87): Illuminate\Container\BoundMethod::Illuminate\Container\{closure}()
#14 E:\xampp7.1\htdocs\shop1\vendor\laravel\framework\src\Illuminate\Container\BoundMethod.php(31): Illuminate\Container\BoundMethod::callBoundMethod(Object(Illuminate\Foundation\Application), Array, Object(Closure))
#15 E:\xampp7.1\htdocs\shop1\vendor\laravel\framework\src\Illuminate\Container\Container.php(539): Illuminate\Container\BoundMethod::call(Object(Illuminate\Foundation\Application), Array, Array, NULL)
#16 E:\xampp7.1\htdocs\shop1\vendor\laravel\framework\src\Illuminate\Console\Command.php(182): Illuminate\Container\Container->call(Array)
#17 E:\xampp7.1\htdocs\shop1\vendor\symfony\console\Command\Command.php(252): Illuminate\Console\Command->execute(Object(Symfony\Component\Console\Input\ArgvInput), Object(Illuminate\Console\OutputStyle))
#18 E:\xampp7.1\htdocs\shop1\vendor\laravel\framework\src\Illuminate\Console\Command.php(167): Symfony\Component\Console\Command\Command->run(Object(Symfony\Component\Console\Input\ArgvInput), Object(Illuminate\Console\OutputStyle))
#19 E:\xampp7.1\htdocs\shop1\vendor\symfony\console\Application.php(946): Illuminate\Console\Command->run(Object(Symfony\Component\Console\Input\ArgvInput), Object(Symfony\Component\Console\Output\ConsoleOutput))
#20 E:\xampp7.1\htdocs\shop1\vendor\symfony\console\Application.php(248): Symfony\Component\Console\Application->doRunCommand(Object(Illuminate\Database\Console\Migrations\MigrateCommand), Object(Symfony\Component\Console\Input\ArgvInput), Object(Symfony\Component\Console\Output\ConsoleOutput))
#21 E:\xampp7.1\htdocs\shop1\vendor\symfony\console\Application.php(148): Symfony\Component\Console\Application->doRun(Object(Symfony\Component\Console\Input\ArgvInput), Object(Symfony\Component\Console\Output\ConsoleOutput))
#22 E:\xampp7.1\htdocs\shop1\vendor\laravel\framework\src\Illuminate\Foundation\Console\Kernel.php(122): Symfony\Component\Console\Application->run(Object(Symfony\Component\Console\Input\ArgvInput), Object(Symfony\Component\Console\Output\ConsoleOutput))
#23 E:\xampp7.1\htdocs\shop1\artisan(35): Illuminate\Foundation\Console\Kernel->handle(Object(Symfony\Component\Console\Input\ArgvInput), Object(Symfony\Component\Console\Output\ConsoleOutput))
#24 {main}  
[2018-06-04 22:07:55] local.ERROR: PDOException: SQLSTATE[42S21]: Column already exists: 1060 Duplicate column name 'image' in E:\xampp7.1\htdocs\shop1\vendor\laravel\framework\src\Illuminate\Database\Connection.php:449
Stack trace:
#0 E:\xampp7.1\htdocs\shop1\vendor\laravel\framework\src\Illuminate\Database\Connection.php(449): PDOStatement->execute()
#1 E:\xampp7.1\htdocs\shop1\vendor\laravel\framework\src\Illuminate\Database\Connection.php(640): Illuminate\Database\Connection->Illuminate\Database\{closure}('alter table `pr...', Array)
#2 E:\xampp7.1\htdocs\shop1\vendor\laravel\framework\src\Illuminate\Database\Connection.php(607): Illuminate\Database\Connection->runQueryCallback('alter table `pr...', Array, Object(Closure))
#3 E:\xampp7.1\htdocs\shop1\vendor\laravel\framework\src\Illuminate\Database\Connection.php(450): Illuminate\Database\Connection->run('alter table `pr...', Array, Object(Closure))
#4 E:\xampp7.1\htdocs\shop1\vendor\laravel\framework\src\Illuminate\Database\Schema\Blueprint.php(86): Illuminate\Database\Connection->statement('alter table `pr...')
#5 E:\xampp7.1\htdocs\shop1\vendor\laravel\framework\src\Illuminate\Database\Schema\Builder.php(239): Illuminate\Database\Schema\Blueprint->build(Object(Illuminate\Database\MySqlConnection), Object(Illuminate\Database\Schema\Grammars\MySqlGrammar))
#6 E:\xampp7.1\htdocs\shop1\vendor\laravel\framework\src\Illuminate\Database\Schema\Builder.php(148): Illuminate\Database\Schema\Builder->build(Object(Illuminate\Database\Schema\Blueprint))
#7 E:\xampp7.1\htdocs\shop1\vendor\laravel\framework\src\Illuminate\Support\Facades\Facade.php(221): Illuminate\Database\Schema\Builder->table('product', Object(Closure))
#8 E:\xampp7.1\htdocs\shop1\database\migrations\2018_06_04_220602_add_photo_to_product_table.php(18): Illuminate\Support\Facades\Facade::__callStatic('table', Array)
#9 E:\xampp7.1\htdocs\shop1\vendor\laravel\framework\src\Illuminate\Database\Migrations\Migrator.php(359): AddPhotoToProductTable->up()
#10 E:\xampp7.1\htdocs\shop1\vendor\laravel\framework\src\Illuminate\Database\Migrations\Migrator.php(365): Illuminate\Database\Migrations\Migrator->Illuminate\Database\Migrations\{closure}()
#11 E:\xampp7.1\htdocs\shop1\vendor\laravel\framework\src\Illuminate\Database\Migrations\Migrator.php(177): Illuminate\Database\Migrations\Migrator->runMigration(Object(AddPhotoToProductTable), 'up')
#12 E:\xampp7.1\htdocs\shop1\vendor\laravel\framework\src\Illuminate\Database\Migrations\Migrator.php(146): Illuminate\Database\Migrations\Migrator->runUp('E:\\xampp7.1\\htd...', 28, false)
#13 E:\xampp7.1\htdocs\shop1\vendor\laravel\framework\src\Illuminate\Database\Migrations\Migrator.php(95): Illuminate\Database\Migrations\Migrator->runPending(Array, Array)
#14 E:\xampp7.1\htdocs\shop1\vendor\laravel\framework\src\Illuminate\Database\Console\Migrations\MigrateCommand.php(69): Illuminate\Database\Migrations\Migrator->run(Array, Array)
#15 [internal function]: Illuminate\Database\Console\Migrations\MigrateCommand->fire()
#16 E:\xampp7.1\htdocs\shop1\vendor\laravel\framework\src\Illuminate\Container\BoundMethod.php(29): call_user_func_array(Array, Array)
#17 E:\xampp7.1\htdocs\shop1\vendor\laravel\framework\src\Illuminate\Container\BoundMethod.php(87): Illuminate\Container\BoundMethod::Illuminate\Container\{closure}()
#18 E:\xampp7.1\htdocs\shop1\vendor\laravel\framework\src\Illuminate\Container\BoundMethod.php(31): Illuminate\Container\BoundMethod::callBoundMethod(Object(Illuminate\Foundation\Application), Array, Object(Closure))
#19 E:\xampp7.1\htdocs\shop1\vendor\laravel\framework\src\Illuminate\Container\Container.php(539): Illuminate\Container\BoundMethod::call(Object(Illuminate\Foundation\Application), Array, Array, NULL)
#20 E:\xampp7.1\htdocs\shop1\vendor\laravel\framework\src\Illuminate\Console\Command.php(182): Illuminate\Container\Container->call(Array)
#21 E:\xampp7.1\htdocs\shop1\vendor\symfony\console\Command\Command.php(252): Illuminate\Console\Command->execute(Object(Symfony\Component\Console\Input\ArgvInput), Object(Illuminate\Console\OutputStyle))
#22 E:\xampp7.1\htdocs\shop1\vendor\laravel\framework\src\Illuminate\Console\Command.php(167): Symfony\Component\Console\Command\Command->run(Object(Symfony\Component\Console\Input\ArgvInput), Object(Illuminate\Console\OutputStyle))
#23 E:\xampp7.1\htdocs\shop1\vendor\symfony\console\Application.php(946): Illuminate\Console\Command->run(Object(Symfony\Component\Console\Input\ArgvInput), Object(Symfony\Component\Console\Output\ConsoleOutput))
#24 E:\xampp7.1\htdocs\shop1\vendor\symfony\console\Application.php(248): Symfony\Component\Console\Application->doRunCommand(Object(Illuminate\Database\Console\Migrations\MigrateCommand), Object(Symfony\Component\Console\Input\ArgvInput), Object(Symfony\Component\Console\Output\ConsoleOutput))
#25 E:\xampp7.1\htdocs\shop1\vendor\symfony\console\Application.php(148): Symfony\Component\Console\Application->doRun(Object(Symfony\Component\Console\Input\ArgvInput), Object(Symfony\Component\Console\Output\ConsoleOutput))
#26 E:\xampp7.1\htdocs\shop1\vendor\laravel\framework\src\Illuminate\Foundation\Console\Kernel.php(122): Symfony\Component\Console\Application->run(Object(Symfony\Component\Console\Input\ArgvInput), Object(Symfony\Component\Console\Output\ConsoleOutput))
#27 E:\xampp7.1\htdocs\shop1\artisan(35): Illuminate\Foundation\Console\Kernel->handle(Object(Symfony\Component\Console\Input\ArgvInput), Object(Symfony\Component\Console\Output\ConsoleOutput))
#28 {main}

Next Illuminate\Database\QueryException: SQLSTATE[42S21]: Column already exists: 1060 Duplicate column name 'image' (SQL: alter table `product` add `image` varchar(191) null) in E:\xampp7.1\htdocs\shop1\vendor\laravel\framework\src\Illuminate\Database\Connection.php:647
Stack trace:
#0 E:\xampp7.1\htdocs\shop1\vendor\laravel\framework\src\Illuminate\Database\Connection.php(607): Illuminate\Database\Connection->runQueryCallback('alter table `pr...', Array, Object(Closure))
#1 E:\xampp7.1\htdocs\shop1\vendor\laravel\framework\src\Illuminate\Database\Connection.php(450): Illuminate\Database\Connection->run('alter table `pr...', Array, Object(Closure))
#2 E:\xampp7.1\htdocs\shop1\vendor\laravel\framework\src\Illuminate\Database\Schema\Blueprint.php(86): Illuminate\Database\Connection->statement('alter table `pr...')
#3 E:\xampp7.1\htdocs\shop1\vendor\laravel\framework\src\Illuminate\Database\Schema\Builder.php(239): Illuminate\Database\Schema\Blueprint->build(Object(Illuminate\Database\MySqlConnection), Object(Illuminate\Database\Schema\Grammars\MySqlGrammar))
#4 E:\xampp7.1\htdocs\shop1\vendor\laravel\framework\src\Illuminate\Database\Schema\Builder.php(148): Illuminate\Database\Schema\Builder->build(Object(Illuminate\Database\Schema\Blueprint))
#5 E:\xampp7.1\htdocs\shop1\vendor\laravel\framework\src\Illuminate\Support\Facades\Facade.php(221): Illuminate\Database\Schema\Builder->table('product', Object(Closure))
#6 E:\xampp7.1\htdocs\shop1\database\migrations\2018_06_04_220602_add_photo_to_product_table.php(18): Illuminate\Support\Facades\Facade::__callStatic('table', Array)
#7 E:\xampp7.1\htdocs\shop1\vendor\laravel\framework\src\Illuminate\Database\Migrations\Migrator.php(359): AddPhotoToProductTable->up()
#8 E:\xampp7.1\htdocs\shop1\vendor\laravel\framework\src\Illuminate\Database\Migrations\Migrator.php(365): Illuminate\Database\Migrations\Migrator->Illuminate\Database\Migrations\{closure}()
#9 E:\xampp7.1\htdocs\shop1\vendor\laravel\framework\src\Illuminate\Database\Migrations\Migrator.php(177): Illuminate\Database\Migrations\Migrator->runMigration(Object(AddPhotoToProductTable), 'up')
#10 E:\xampp7.1\htdocs\shop1\vendor\laravel\framework\src\Illuminate\Database\Migrations\Migrator.php(146): Illuminate\Database\Migrations\Migrator->runUp('E:\\xampp7.1\\htd...', 28, false)
#11 E:\xampp7.1\htdocs\shop1\vendor\laravel\framework\src\Illuminate\Database\Migrations\Migrator.php(95): Illuminate\Database\Migrations\Migrator->runPending(Array, Array)
#12 E:\xampp7.1\htdocs\shop1\vendor\laravel\framework\src\Illuminate\Database\Console\Migrations\MigrateCommand.php(69): Illuminate\Database\Migrations\Migrator->run(Array, Array)
#13 [internal function]: Illuminate\Database\Console\Migrations\MigrateCommand->fire()
#14 E:\xampp7.1\htdocs\shop1\vendor\laravel\framework\src\Illuminate\Container\BoundMethod.php(29): call_user_func_array(Array, Array)
#15 E:\xampp7.1\htdocs\shop1\vendor\laravel\framework\src\Illuminate\Container\BoundMethod.php(87): Illuminate\Container\BoundMethod::Illuminate\Container\{closure}()
#16 E:\xampp7.1\htdocs\shop1\vendor\laravel\framework\src\Illuminate\Container\BoundMethod.php(31): Illuminate\Container\BoundMethod::callBoundMethod(Object(Illuminate\Foundation\Application), Array, Object(Closure))
#17 E:\xampp7.1\htdocs\shop1\vendor\laravel\framework\src\Illuminate\Container\Container.php(539): Illuminate\Container\BoundMethod::call(Object(Illuminate\Foundation\Application), Array, Array, NULL)
#18 E:\xampp7.1\htdocs\shop1\vendor\laravel\framework\src\Illuminate\Console\Command.php(182): Illuminate\Container\Container->call(Array)
#19 E:\xampp7.1\htdocs\shop1\vendor\symfony\console\Command\Command.php(252): Illuminate\Console\Command->execute(Object(Symfony\Component\Console\Input\ArgvInput), Object(Illuminate\Console\OutputStyle))
#20 E:\xampp7.1\htdocs\shop1\vendor\laravel\framework\src\Illuminate\Console\Command.php(167): Symfony\Component\Console\Command\Command->run(Object(Symfony\Component\Console\Input\ArgvInput), Object(Illuminate\Console\OutputStyle))
#21 E:\xampp7.1\htdocs\shop1\vendor\symfony\console\Application.php(946): Illuminate\Console\Command->run(Object(Symfony\Component\Console\Input\ArgvInput), Object(Symfony\Component\Console\Output\ConsoleOutput))
#22 E:\xampp7.1\htdocs\shop1\vendor\symfony\console\Application.php(248): Symfony\Component\Console\Application->doRunCommand(Object(Illuminate\Database\Console\Migrations\MigrateCommand), Object(Symfony\Component\Console\Input\ArgvInput), Object(Symfony\Component\Console\Output\ConsoleOutput))
#23 E:\xampp7.1\htdocs\shop1\vendor\symfony\console\Application.php(148): Symfony\Component\Console\Application->doRun(Object(Symfony\Component\Console\Input\ArgvInput), Object(Symfony\Component\Console\Output\ConsoleOutput))
#24 E:\xampp7.1\htdocs\shop1\vendor\laravel\framework\src\Illuminate\Foundation\Console\Kernel.php(122): Symfony\Component\Console\Application->run(Object(Symfony\Component\Console\Input\ArgvInput), Object(Symfony\Component\Console\Output\ConsoleOutput))
#25 E:\xampp7.1\htdocs\shop1\artisan(35): Illuminate\Foundation\Console\Kernel->handle(Object(Symfony\Component\Console\Input\ArgvInput), Object(Symfony\Component\Console\Output\ConsoleOutput))
#26 {main}  
